2025-06-03 21:22:59 - User: SYSTEM | Action: MUSIC_LIBRARY_LOADED | Details: 5 songs
2025-06-03 21:22:59 - User: SYSTEM | Action: SERVER_STARTED | Details: Port: 12345
2025-06-03 21:23:07 - User: SYSTEM | Action: CLIENT_CONNECTED | Details: 127.0.0.1
2025-06-03 21:23:07 - User: SYSTEM | Action: CLIENT_CONNECTED | Details: 127.0.0.1
2025-06-03 21:23:16 - User: Walter | Action: LOGIN_ATTEMPT
2025-06-03 21:23:17 - User: Walter | Action: LOGIN_SUCCESS
2025-06-03 21:23:31 - User: walter | Action: LOGOUT
2025-06-03 21:23:44 - User: Walter1 | Action: REGISTRATION_ATTEMPT | Details: premium
2025-06-03 21:23:44 - User: Walter1 | Action: REGISTRATION_FAILED | Details: Password must be at least 6 characters
2025-06-03 21:23:57 - User: Walter1 | Action: REGISTRATION_ATTEMPT | Details: premium
2025-06-03 21:23:58 - User: Walter1 | Action: REGISTRATION_SUCCESS | Details: premium
2025-06-03 21:24:11 - User: Walter1 | Action: REGISTRATION_ATTEMPT | Details: premium
2025-06-03 21:24:11 - User: Walter1 | Action: REGISTRATION_FAILED | Details: Username already exists
2025-06-03 21:24:54 - User: Walter1901 | Action: LOGIN_ATTEMPT
2025-06-03 21:24:54 - User: Walter1901 | Action: LOGIN_SUCCESS
2025-06-03 21:25:06 - User: Walter1901 | Action: LOGIN_ATTEMPT
2025-06-03 21:25:06 - User: Walter1901 | Action: LOGIN_SUCCESS
2025-06-03 21:25:39 - User: Walter1901 | Action: SESSION_ENDED
2025-06-03 21:25:39 - User: SYSTEM | Action: CLIENT_DISCONNECTED | Details: 127.0.0.1
2025-06-03 21:25:41 - User: SYSTEM | Action: CLIENT_CONNECTED | Details: 127.0.0.1
2025-06-03 21:25:41 - User: SYSTEM | Action: CLIENT_CONNECTED | Details: 127.0.0.1
2025-06-03 21:25:49 - User: Walter1901 | Action: LOGIN_ATTEMPT
2025-06-03 21:25:49 - User: Walter1901 | Action: LOGIN_FAILED | Details: Incorrect credentials. 4 attempts remaining
2025-06-03 21:25:56 - User: Walter1901 | Action: LOGIN_ATTEMPT
2025-06-03 21:25:56 - User: Walter1901 | Action: LOGIN_FAILED | Details: Incorrect credentials. 3 attempts remaining
2025-06-03 21:26:24 - User: SYSTEM | Action: MUSIC_LIBRARY_LOADED | Details: 5 songs
2025-06-03 21:26:24 - User: SYSTEM | Action: SERVER_STARTED | Details: Port: 12345
2025-06-03 21:26:29 - User: SYSTEM | Action: CLIENT_CONNECTED | Details: 127.0.0.1
2025-06-03 21:26:29 - User: SYSTEM | Action: CLIENT_CONNECTED | Details: 127.0.0.1
2025-06-03 21:26:38 - User: Walter1901 | Action: LOGIN_ATTEMPT
2025-06-03 21:26:39 - User: Walter1901 | Action: LOGIN_FAILED | Details: Incorrect credentials. 4 attempts remaining
2025-06-03 21:27:31 - User: SYSTEM | Action: MUSIC_LIBRARY_LOADED | Details: 5 songs
2025-06-03 21:27:31 - User: SYSTEM | Action: SERVER_STARTED | Details: Port: 12345
2025-06-03 21:27:48 - User: SYSTEM | Action: CLIENT_CONNECTED | Details: 127.0.0.1
2025-06-03 21:27:48 - User: SYSTEM | Action: CLIENT_CONNECTED | Details: 127.0.0.1
2025-06-03 21:28:00 - User: Walter1901 | Action: REGISTRATION_ATTEMPT | Details: premium
2025-06-03 21:28:01 - User: Walter1901 | Action: REGISTRATION_SUCCESS | Details: premium
2025-06-03 21:28:38 - User: Walter1901 | Action: LOGIN_ATTEMPT
2025-06-03 21:28:38 - User: Walter1901 | Action: LOGIN_SUCCESS
2025-06-03 21:28:44 - User: Walter1901 | Action: USER_FOLLOWED | Details: walter
2025-06-03 21:28:49 - User: Walter1901 | Action: USER_FOLLOWED | Details: Walter1
2025-06-03 21:29:09 - User: Walter1901 | Action: COLLAB_PLAYLIST_CREATED | Details: Summer2025
2025-06-03 21:29:24 - User: Walter1901 | Action: SONG_ADDED | Details: Mussulo -> Summer2025
2025-06-03 21:29:37 - User: Walter1901 | Action: SONG_ADDED | Details: Ciel -> Summer2025
2025-06-03 21:29:43 - User: Walter1901 | Action: SONG_ADDED | Details: NINAO -> Summer2025
2025-06-03 21:29:52 - User: Walter1901 | Action: SONG_ADDED | Details: Mood -> Summer2025
2025-06-03 21:30:00 - User: Walter1901 | Action: SONG_ADDED | Details: Melrose Place -> Summer2025
2025-06-03 21:30:07 - User: Walter1901 | Action: LOGOUT
2025-06-03 21:30:13 - User: Walter1 | Action: LOGIN_ATTEMPT
2025-06-03 21:30:13 - User: Walter1 | Action: LOGIN_FAILED | Details: Incorrect credentials. 4 attempts remaining
2025-06-03 21:30:21 - User: Walter1 | Action: LOGIN_ATTEMPT
2025-06-03 21:30:21 - User: Walter1 | Action: LOGIN_FAILED | Details: Incorrect credentials. 3 attempts remaining
2025-06-03 21:30:30 - User: walter | Action: LOGIN_ATTEMPT
2025-06-03 21:30:30 - User: walter | Action: LOGIN_SUCCESS
2025-06-03 21:31:30 - User: walter | Action: SESSION_ENDED
2025-06-03 21:31:30 - User: SYSTEM | Action: CLIENT_DISCONNECTED | Details: 127.0.0.1
2025-06-03 21:33:01 - User: SYSTEM | Action: SERVER_STOPPED
2025-06-03 21:33:01 - User: SYSTEM | Action: SERVER_STOPPED
2025-06-03 21:33:04 - User: SYSTEM | Action: MUSIC_LIBRARY_LOADED | Details: 5 songs
2025-06-03 21:33:04 - User: SYSTEM | Action: SERVER_STARTED | Details: Port: 12345
2025-06-03 21:33:09 - User: SYSTEM | Action: CLIENT_CONNECTED | Details: 127.0.0.1
2025-06-03 21:33:09 - User: SYSTEM | Action: CLIENT_CONNECTED | Details: 127.0.0.1
2025-06-03 21:33:16 - User: walter | Action: LOGIN_ATTEMPT
2025-06-03 21:33:16 - User: walter | Action: LOGIN_SUCCESS
2025-06-03 21:33:19 - User: walter | Action: LOGOUT
2025-06-03 21:33:25 - User: Walter1 | Action: LOGIN_ATTEMPT
2025-06-03 21:33:25 - User: Walter1 | Action: LOGIN_FAILED | Details: Incorrect credentials. 4 attempts remaining
2025-06-03 21:33:33 - User: SYSTEM | Action: CLIENT_DISCONNECTED | Details: 127.0.0.1
2025-06-03 21:33:35 - User: SYSTEM | Action: CLIENT_CONNECTED | Details: 127.0.0.1
2025-06-03 21:33:35 - User: SYSTEM | Action: CLIENT_CONNECTED | Details: 127.0.0.1
2025-06-03 21:33:44 - User: Walter1 | Action: LOGIN_ATTEMPT
2025-06-03 21:33:44 - User: Walter1 | Action: LOGIN_FAILED | Details: Incorrect credentials. 3 attempts remaining
2025-06-03 21:33:52 - User: Walter1 | Action: LOGIN_ATTEMPT
2025-06-03 21:33:52 - User: Walter1 | Action: LOGIN_FAILED | Details: Incorrect credentials. 2 attempts remaining
2025-06-03 21:34:37 - User: SYSTEM | Action: MUSIC_LIBRARY_LOADED | Details: 5 songs
2025-06-03 21:34:37 - User: SYSTEM | Action: SERVER_STARTED | Details: Port: 12345
2025-06-03 21:34:43 - User: SYSTEM | Action: CLIENT_CONNECTED | Details: 127.0.0.1
2025-06-03 21:34:43 - User: SYSTEM | Action: CLIENT_CONNECTED | Details: 127.0.0.1
2025-06-03 21:34:54 - User: Walter1 | Action: REGISTRATION_ATTEMPT | Details: premium
2025-06-03 21:34:55 - User: Walter1 | Action: REGISTRATION_SUCCESS | Details: premium
2025-06-03 21:35:24 - User: Walter1 | Action: LOGIN_ATTEMPT
2025-06-03 21:35:24 - User: Walter1 | Action: LOGIN_SUCCESS
2025-06-03 21:36:24 - User: Walter1 | Action: SESSION_ENDED
2025-06-03 21:36:24 - User: SYSTEM | Action: CLIENT_DISCONNECTED | Details: 127.0.0.1
2025-06-03 21:48:31 - User: SYSTEM | Action: SERVER_STOPPED
2025-06-03 21:48:31 - User: SYSTEM | Action: SERVER_STOPPED
2025-06-03 21:48:44 - User: SYSTEM | Action: MUSIC_LIBRARY_LOADED | Details: 5 songs
2025-06-03 21:48:44 - User: SYSTEM | Action: SERVER_STARTED | Details: Port: 12345
2025-06-03 21:48:48 - User: SYSTEM | Action: CLIENT_CONNECTED | Details: 127.0.0.1
2025-06-03 21:48:48 - User: SYSTEM | Action: CLIENT_CONNECTED | Details: 127.0.0.1
2025-06-03 21:48:56 - User: Walter1 | Action: LOGIN_ATTEMPT
2025-06-03 21:48:57 - User: Walter1 | Action: LOGIN_SUCCESS
2025-06-03 21:49:11 - User: Walter1 | Action: SHARING_PREFERENCES_SET | Details: true
2025-06-03 21:49:19 - User: Walter1 | Action: LOGOUT
2025-06-03 21:49:27 - User: Walter1901 | Action: LOGIN_ATTEMPT
2025-06-03 21:49:27 - User: Walter1901 | Action: LOGIN_SUCCESS
2025-06-03 21:49:36 - User: Walter | Action: LOGIN_ATTEMPT
2025-06-03 21:49:36 - User: Walter | Action: LOGIN_FAILED | Details: Incorrect credentials. 4 attempts remaining
2025-06-03 21:49:50 - User: Walter1901 | Action: SHARING_PREFERENCES_SET | Details: true
2025-06-03 21:50:12 - User: Walter1901 | Action: USER_FOLLOWED | Details: Walter1
2025-06-03 21:50:25 - User: Walter1901 | Action: COLLAB_PLAYLIST_CREATED | Details: Tests
2025-06-03 21:50:37 - User: Walter1901 | Action: SONG_ADDED | Details: NINAO -> Tests
2025-06-03 21:50:42 - User: Walter1901 | Action: SONG_ADDED | Details: Ciel -> Tests
2025-06-03 21:50:46 - User: Walter1901 | Action: LOGOUT
2025-06-03 21:50:52 - User: Walter1 | Action: LOGIN_ATTEMPT
2025-06-03 21:50:52 - User: Walter1 | Action: LOGIN_SUCCESS
2025-06-03 21:51:00 - User: Walter1 | Action: LOGIN_ATTEMPT
2025-06-03 21:51:00 - User: Walter1 | Action: LOGIN_SUCCESS
2025-06-03 21:51:23 - User: Walter1 | Action: USER_FOLLOWED | Details: walter
2025-06-03 21:52:30 - User: Walter1 | Action: SESSION_ENDED
2025-06-03 21:52:30 - User: SYSTEM | Action: CLIENT_DISCONNECTED | Details: 127.0.0.1
2025-06-03 21:56:28 - User: SYSTEM | Action: SERVER_STOPPED
2025-06-03 21:56:28 - User: SYSTEM | Action: SERVER_STOPPED
2025-06-03 21:57:19 - User: SYSTEM | Action: MUSIC_LIBRARY_LOADED | Details: 5 songs
2025-06-03 21:57:19 - User: SYSTEM | Action: SERVER_STARTED | Details: Port: 12345
2025-06-03 21:57:30 - User: SYSTEM | Action: CLIENT_CONNECTED | Details: 127.0.0.1
2025-06-03 21:57:30 - User: SYSTEM | Action: CLIENT_CONNECTED | Details: 127.0.0.1
2025-06-03 21:58:02 - User: Walter1 | Action: LOGIN_ATTEMPT
2025-06-03 21:58:03 - User: Walter1 | Action: LOGIN_SUCCESS
2025-06-03 21:58:27 - User: Walter1 | Action: USER_FOLLOWED | Details: Walter1901
2025-06-03 21:58:41 - User: Walter1 | Action: PLAYLIST_COPIED | Details: Tests -> Tests
2025-06-03 21:58:58 - User: Walter1 | Action: PLAYLIST_LOADED | Details: Tests
2025-06-03 21:59:03 - User: Walter1 | Action: PLAYBACK_MODE_SET | Details: Shuffle
2025-06-03 21:59:06 - User: Walter1 | Action: PLAYER_PLAY | Details: 
2025-06-03 21:59:10 - User: Walter1 | Action: PLAYER_PAUSE
2025-06-03 21:59:12 - User: Walter1 | Action: PLAYER_PLAY | Details: resume
2025-06-03 21:59:21 - User: Walter1 | Action: PLAYER_NEXT
2025-06-03 21:59:23 - User: Walter1 | Action: PLAYER_PAUSE
2025-06-03 21:59:25 - User: Walter1 | Action: PLAYER_PLAY | Details: resume
2025-06-03 21:59:32 - User: Walter1 | Action: PLAYER_STOP
2025-06-03 21:59:32 - User: Walter1 | Action: PLAYER_EXIT
2025-06-03 21:59:34 - User: Walter1 | Action: LOGOUT
2025-06-03 21:59:41 - User: Walter1901 | Action: LOGIN_ATTEMPT
2025-06-03 21:59:42 - User: Walter1901 | Action: LOGIN_SUCCESS
2025-06-03 21:59:48 - User: Walter1901 | Action: LOGIN_ATTEMPT
2025-06-03 21:59:48 - User: Walter1901 | Action: LOGIN_SUCCESS
2025-06-03 22:01:13 - User: Walter1901 | Action: SESSION_ENDED
2025-06-03 22:01:13 - User: SYSTEM | Action: CLIENT_DISCONNECTED | Details: 127.0.0.1
2025-06-03 22:01:20 - User: SYSTEM | Action: SERVER_STOPPED
2025-06-03 22:01:20 - User: SYSTEM | Action: SERVER_STOPPED
2025-06-03 22:38:53 - User: SYSTEM | Action: MUSIC_LIBRARY_LOADED | Details: 5 songs
2025-06-03 22:38:53 - User: SYSTEM | Action: SERVER_STARTED | Details: Port: 12345
2025-06-03 22:39:22 - User: SYSTEM | Action: CLIENT_CONNECTED | Details: 127.0.0.1
2025-06-03 22:39:23 - User: SYSTEM | Action: CLIENT_CONNECTED | Details: 127.0.0.1
2025-06-03 22:39:31 - User: Walter1901 | Action: LOGIN_ATTEMPT
2025-06-03 22:39:32 - User: Walter1901 | Action: LOGIN_SUCCESS
2025-06-03 22:40:48 - User: Walter1901 | Action: SESSION_ENDED
2025-06-03 22:40:48 - User: SYSTEM | Action: CLIENT_DISCONNECTED | Details: 127.0.0.1
2025-06-03 22:41:26 - User: SYSTEM | Action: SERVER_STOPPED
2025-06-03 22:41:26 - User: SYSTEM | Action: SERVER_STOPPED
